18-12-07 08:44:50 504  The Program is to end   running.
18-12-07 08:51:14 833  The Program is to begin running.
18-12-07 09:04:10 504  The Program is to end   running.
18-12-07 09:04:35 926  The Program is to begin running.
18-12-07 09:06:25 614  L6T7722Z5JN109982
18-12-07 09:06:26 161  SEND:$0A,$01,$01,$F4,$02,$03,$03,$6E,$00,$04,$87,$D0,$05,$20,$28,$20,$15,$0B,$00,$00,$07,$20,$0C,$00,$00,$07,$28,$0D,$00,$1F,$FF,$FF,$0F,$00,$00,$10,$00,$00,
18-12-07 09:06:28 161  SEND:$0A,$01,$01,$F4,$02,$03,$03,$6E,$00,$04,$87,$D0,$05,$20,$28,$20,$15,$0B,$00,$00,$07,$20,$0C,$00,$00,$07,$28,$0D,$00,$1F,$FF,$FF,$0F,$00,$00,$10,$00,$00,
18-12-07 09:06:30 161  SEND:$0A,$01,$01,$F4,$02,$03,$03,$6E,$00,$04,$87,$D0,$05,$20,$28,$20,$15,$0B,$00,$00,$07,$20,$0C,$00,$00,$07,$28,$0D,$00,$1F,$FF,$FF,$0F,$00,$00,$10,$00,$00,
18-12-07 09:06:32 161  SEND:$0A,$01,$01,$F4,$02,$03,$03,$6E,$00,$04,$87,$D0,$05,$20,$28,$20,$15,$0B,$00,$00,$07,$20,$0C,$00,$00,$07,$28,$0D,$00,$1F,$FF,$FF,$0F,$00,$00,$10,$00,$00,
18-12-07 09:06:49 333  SEND:$0A,$01,$01,$F4,$02,$03,$03,$6E,$00,$04,$83,$E8,$05,$06,$05,$05,$05,$0B,$00,$00,$07,$D2,$0C,$00,$00,$07,$DA,$0D,$00,$7F,$FF,$FF,$0F,$00,$00,$10,$00,$00,
18-12-07 09:06:51 333  SEND:$0A,$01,$01,$F4,$02,$03,$03,$6E,$00,$04,$83,$E8,$05,$06,$05,$05,$05,$0B,$00,$00,$07,$D2,$0C,$00,$00,$07,$DA,$0D,$00,$7F,$FF,$FF,$0F,$00,$00,$10,$00,$00,
18-12-07 09:06:53 333  SEND:$0A,$01,$01,$F4,$02,$03,$03,$6E,$00,$04,$83,$E8,$05,$06,$05,$05,$05,$0B,$00,$00,$07,$D2,$0C,$00,$00,$07,$DA,$0D,$00,$7F,$FF,$FF,$0F,$00,$00,$10,$00,$00,
18-12-07 09:06:55 333  SEND:$0A,$01,$01,$F4,$02,$03,$03,$6E,$00,$04,$83,$E8,$05,$06,$05,$05,$05,$0B,$00,$00,$07,$D2,$0C,$00,$00,$07,$DA,$0D,$00,$7F,$FF,$FF,$0F,$00,$00,$10,$00,$00,
18-12-07 09:06:57 348  SEND:$0A,$01,$01,$F4,$02,$03,$03,$6E,$00,$04,$00,$00,$05,$06,$05,$05,$05,$0B,$00,$00,$07,$E0,$0C,$00,$00,$07,$E8,$0D,$00,$7F,$FF,$FF,$0F,$00,$00,$10,$00,$00,
18-12-07 09:06:59 348  SEND:$0A,$01,$01,$F4,$02,$03,$03,$6E,$00,$04,$00,$00,$05,$06,$05,$05,$05,$0B,$00,$00,$07,$E0,$0C,$00,$00,$07,$E8,$0D,$00,$7F,$FF,$FF,$0F,$00,$00,$10,$00,$00,
18-12-07 09:07:01 348  SEND:$0A,$01,$01,$F4,$02,$03,$03,$6E,$00,$04,$00,$00,$05,$06,$05,$05,$05,$0B,$00,$00,$07,$E0,$0C,$00,$00,$07,$E8,$0D,$00,$7F,$FF,$FF,$0F,$00,$00,$10,$00,$00,
18-12-07 09:07:03 348  SEND:$0A,$01,$01,$F4,$02,$03,$03,$6E,$00,$04,$00,$00,$05,$06,$05,$05,$05,$0B,$00,$00,$07,$E0,$0C,$00,$00,$07,$E8,$0D,$00,$7F,$FF,$FF,$0F,$00,$00,$10,$00,$00,
18-12-07 09:12:21 192  L6T7722Z5JN109982
18-12-07 09:12:21 317  SEND:$0A,$01,$01,$F4,$02,$03,$03,$6E,$00,$04,$87,$D0,$05,$20,$28,$20,$15,$0B,$00,$00,$07,$20,$0C,$00,$00,$07,$28,$0D,$00,$1F,$FF,$FF,$0F,$00,$00,$10,$00,$00,
18-12-07 09:12:21 317  RECV:
18-12-07 09:12:21 333  SEND:$10,$03,
18-12-07 09:12:23 333  SEND:$0A,$01,$01,$F4,$02,$03,$03,$6E,$00,$04,$87,$D0,$05,$20,$28,$20,$15,$0B,$00,$00,$07,$20,$0C,$00,$00,$07,$28,$0D,$00,$1F,$FF,$FF,$0F,$00,$00,$10,$00,$00,
18-12-07 09:12:23 333  RECV:
18-12-07 09:12:23 348  SEND:$10,$03,
18-12-07 09:12:25 348  SEND:$0A,$01,$01,$F4,$02,$03,$03,$6E,$00,$04,$87,$D0,$05,$20,$28,$20,$15,$0B,$00,$00,$07,$20,$0C,$00,$00,$07,$28,$0D,$00,$1F,$FF,$FF,$0F,$00,$00,$10,$00,$00,
18-12-07 09:12:25 348  RECV:
18-12-07 09:12:25 348  SEND:$10,$03,
18-12-07 09:12:27 348  SEND:$0A,$01,$01,$F4,$02,$03,$03,$6E,$00,$04,$87,$D0,$05,$20,$28,$20,$15,$0B,$00,$00,$07,$20,$0C,$00,$00,$07,$28,$0D,$00,$1F,$FF,$FF,$0F,$00,$00,$10,$00,$00,
18-12-07 09:12:27 348  RECV:
18-12-07 09:12:27 364  SEND:$10,$03,
18-12-07 09:12:44 489  SEND:$0A,$01,$01,$F4,$02,$03,$03,$6E,$00,$04,$83,$E8,$05,$06,$05,$05,$05,$0B,$00,$00,$07,$D2,$0C,$00,$00,$07,$DA,$0D,$00,$7F,$FF,$FF,$0F,$00,$00,$10,$00,$00,
18-12-07 09:12:44 520  RECV:
18-12-07 09:12:44 567  SEND:$3E,$00,
18-12-07 09:12:44 567  RECV:$7E,$00,
18-12-07 09:12:44 629  SEND:$22,$F1,$8A,
18-12-07 09:12:44 661  RECV:$62,$F1,$8A,$35,$37,$31,$30,$36,$36,
18-12-07 09:12:44 708  SEND:$0A,$01,$01,$F4,$02,$03,$03,$6E,$00,$04,$00,$00,$05,$06,$05,$05,$05,$0B,$00,$00,$07,$E0,$0C,$00,$00,$07,$E8,$0D,$00,$7F,$FF,$FF,$0F,$00,$00,$10,$00,$00,
18-12-07 09:12:44 708  REVE:
18-12-07 09:12:44 708  SEND:$10,$03,
18-12-07 09:12:44 723  REVE:$50,$03,$00,$32,$00,$C8,
18-12-07 09:12:44 723  SEND:$3E,$00,
18-12-07 09:12:44 723  REVE:$7E,$00,
18-12-07 09:12:44 786  SEND:$22,$F1,$87,
18-12-07 09:12:44 801  REVE:$62,$F1,$87,$30,$31,$36,$31,$38,$34,$39,$34,$20,$20,
18-12-07 09:12:44 864  SEND:$22,$F1,$8A,
18-12-07 09:12:44 879  REVE:$62,$F1,$8A,$32,$31,$30,$30,$34,$34,
18-12-07 09:12:44 926  SEND:$22,$F1,$93,
18-12-07 09:12:44 958  REVE:$62,$F1,$93,$46,$30,$31,$52,$30,$30,$44,$4B,$56,$32,$20,$20,$20,$20,$20,$20,
18-12-07 09:12:45 004  SEND:$22,$F1,$95,
18-12-07 09:12:45 036  REVE:$62,$F1,$95,$47,$4C,$32,$32,$30,$33,$48,$32,$31,$38,$20,$20,$20,$20,$20,$20,
18-12-07 09:12:45 036  SEND:$27,$01,
18-12-07 09:12:45 051  REVE:$67,$01,$20,$59,$05,$29,
18-12-07 09:12:45 067  SEND:$27,$02,$A0,$8F,$72,$36,
18-12-07 09:12:45 067  REVE:$67,$02,
18-12-07 09:12:45 083  SEND:$31,$01,$09,$B9,$8C,$06,$B0,$2B,$51,$F8,$F3,$56,$E5,$64,$2E,$18,$12,$4D,$61,$46,
18-12-07 09:12:45 098  REVE:$71,$01,$09,$B9,$04,
18-12-07 09:12:45 114  SEND:$2E,$F1,$90,$4C,$36,$54,$37,$37,$32,$32,$5A,$35,$4A,$4E,$31,$30,$39,$39,$38,$32,
18-12-07 09:12:45 161  REVE:$7F,$2E,$78,
18-12-07 09:12:45 176  REVE:$6E,$F1,$90,
18-12-07 09:12:45 176  SEND:$2E,$02,$05,$8C,$06,$B0,$2B,$51,$F8,$F3,$56,$E5,$64,$2E,$18,$12,$4D,$61,$46,
18-12-07 09:12:45 208  REVE:$6E,$02,$05,
18-12-07 09:12:45 223  SEND:$2E,$02,$03,$8C,$06,$B0,$2B,$51,$F8,$F3,$56,$E5,$64,$2E,$18,$12,$4D,$61,$46,
18-12-07 09:12:45 286  REVE:$6E,$02,$03,
18-12-07 09:12:45 286  SEND:$11,$01,
18-12-07 09:12:45 286  REVE:$51,$01,
18-12-07 09:12:45 301  SEND:$10,$03,
18-12-07 09:12:47 301  SEND:$0A,$01,$01,$F4,$02,$03,$03,$6E,$00,$04,$00,$00,$05,$06,$05,$05,$05,$0B,$00,$00,$07,$E0,$0C,$00,$00,$07,$E8,$0D,$00,$7F,$FF,$FF,$0F,$00,$00,$10,$00,$00,
18-12-07 09:12:47 301  REVE:
18-12-07 09:12:47 301  SEND:$10,$03,
18-12-07 09:12:47 317  REVE:$50,$03,$00,$32,$00,$C8,
18-12-07 09:12:47 317  SEND:$22,$F1,$90,
18-12-07 09:12:47 333  REVE:$62,$F1,$90,$4C,$36,$54,$37,$37,$32,$32,$5A,$35,$4A,$4E,$31,$30,$39,$39,$38,$32,
18-12-07 09:12:47 333  SEND:$14,$FF,$FF,$FF,
18-12-07 09:12:47 348  REVE:$54,
18-12-07 09:17:07 239  The Program is to end   running.
18-12-07 09:33:02 395  The Program is to begin running.
18-12-07 09:34:05 442  L6T7722Z5JN109982
18-12-07 09:34:06 067  SEND:$0A,$01,$01,$F4,$02,$03,$03,$6E,$00,$04,$87,$D0,$05,$20,$28,$20,$15,$0B,$00,$00,$07,$E2,$0C,$00,$00,$07,$EA,$0D,$00,$1F,$FF,$FF,$0F,$00,$00,$10,$00,$00,
18-12-07 09:34:06 083  RECV:
18-12-07 09:34:06 098  SEND:$10,$03,
18-12-07 09:34:06 114  RECV:$50,$03,$00,$32,$00,$C8,
18-12-07 09:34:06 161  SEND:$3E,$00,
18-12-07 09:34:06 161  RECV:
18-12-07 09:34:06 223  SEND:$22,$F1,$87,
18-12-07 09:34:06 286  RECV:$62,$F1,$87,$31,$31,$37,$30,$30,$33,$38,$32,$20,$20,
18-12-07 09:34:06 348  SEND:$22,$F1,$8A,
18-12-07 09:34:06 395  RECV:$62,$F1,$8A,$32,$31,$30,$30,$34,$34,
18-12-07 09:34:06 458  SEND:$22,$F1,$93,
18-12-07 09:34:06 520  RECV:$62,$F1,$93,$32,$20,$20,$20,$20,$20,$20,$20,$20,$20,$20,$20,$20,$20,$20,$20,
18-12-07 09:34:06 583  SEND:$22,$F1,$95,
18-12-07 09:34:06 645  RECV:$62,$F1,$95,$48,$32,$52,$31,$35,$34,$41,$46,$20,$20,$20,$20,$20,$20,$20,$20,
18-12-07 09:34:06 692  SEND:$27,$01,
18-12-07 09:34:06 708  RECV:$67,$01,$6F,$A0,$3F,$1D,
18-12-07 09:34:06 786  SEND:$27,$02,$F0,$2A,$68,$E6,
18-12-07 09:34:06 786  RECV:$67,$02,
18-12-07 09:34:06 848  SEND:$2E,$F1,$90,$4C,$36,$54,$37,$37,$32,$32,$5A,$35,$4A,$4E,$31,$30,$39,$39,$38,$32,
18-12-07 09:34:06 895  RECV:$7F,$2E,$78,
18-12-07 09:34:08 333  RECV:$6E,$F1,$90,
18-12-07 09:34:08 395  SEND:$2E,$F1,$9D,$20,$18,$12,$07,
18-12-07 09:34:08 411  RECV:$7F,$2E,$78,
18-12-07 09:34:09 833  RECV:$6E,$F1,$9D,
18-12-07 09:34:09 895  SEND:$2E,$F1,$12,$46,$45,$2D,$34,$4B,$42,$00,$00,
18-12-07 09:34:09 926  RECV:$7F,$2E,$78,
18-12-07 09:34:11 348  RECV:$6E,$F1,$12,
18-12-07 09:34:11 411  SEND:$2E,$F1,$01,$00,$00,$00,$00,$00,$00,$00,$00,$00,$00,$00,$00,$00,$00,$00,$00,$00,$00,$00,$00,$00,$00,$00,$00,$00,$00,
18-12-07 09:34:11 520  RECV:$7F,$2E,$78,
18-12-07 09:34:12 926  RECV:$6E,$F1,$01,
18-12-07 09:34:12 989  SEND:$2E,$F1,$10,$FF,$6D,$21,$00,$00,$02,$00,$00,
18-12-07 09:34:13 036  RECV:$7F,$2E,$78,
18-12-07 09:34:14 551  RECV:$6E,$F1,$10,
18-12-07 09:34:14 614  SEND:$2E,$DF,$EF,$00,$00,$00,$00,$00,$00,$00,$00,$03,$08,$15,$02,$4A,$56,$0F,$00,$00,$00,$00,$00,$00,$00,$00,$00,$AF,$E0,$00,$00,$00,$00,$00,$00,$00,$00,$00,$00,$00,$00,$00,$00,$00,$00,$00,$00,$00,$00,$00,$00,$00,$00,$00,$00,$00,$00,$00,$00,$00,$00,$00,$00,$00,$00,$00,$00,
18-12-07 09:34:14 817  RECV:$7F,$2E,$78,
18-12-07 09:34:15 208  RECV:$6E,$DF,$EF,
18-12-07 09:34:15 270  SEND:$11,$01,
18-12-07 09:34:15 286  RECV:$51,$01,
18-12-07 09:34:15 583  SEND:$22,$F1,$90,
18-12-07 09:34:15 645  RECV:$62,$F1,$90,$4C,$36,$54,$37,$37,$32,$32,$5A,$35,$4A,$4E,$31,$30,$39,$39,$38,$32,
18-12-07 09:34:15 708  SEND:$22,$F1,$9D,
18-12-07 09:34:15 708  RECV:$62,$F1,$9D,$20,$18,$12,$07,
18-12-07 09:34:15 770  SEND:$22,$F1,$12,
18-12-07 09:34:15 817  RECV:$62,$F1,$12,$46,$45,$2D,$34,$4B,$42,$00,$00,
18-12-07 09:34:15 864  SEND:$22,$F1,$01,
18-12-07 09:34:15 942  RECV:$62,$F1,$01,$00,$00,$00,$00,$00,$00,$00,$00,$00,$00,$00,$00,$00,$00,$00,$00,$00,$00,$00,$00,$00,$00,$00,$00,$00,$00,
18-12-07 09:34:16 004  SEND:$22,$F1,$10,
18-12-07 09:34:16 051  RECV:$62,$F1,$10,$FF,$6D,$21,$00,$00,$02,$00,$00,
18-12-07 09:34:16 114  SEND:$22,$DF,$EF,
18-12-07 09:34:16 208  RECV:$62,$DF,$EF,$00,$00,$00,$00,$00,$00,$00,$00,$03,$08,$15,$02,$4A,$56,$0F,$00,$00,$00,$00,$00,$00,$00,$00,$00,$AF,$E0,$00,$00,$00,$00,$00,$00,$00,$00,$00,$00,$00,$00,$00,$00,$00,$00,$00,$00,$00,$00,$00,$00,$00,$00,$00,$00,$00,$00,$00,$00,$00,$00,$00,$00,$00,$00,$00,$00,
18-12-07 09:34:16 270  SEND:$14,$FF,$FF,$FF,
18-12-07 09:34:16 286  RECV:$54,
18-12-07 09:34:16 348  SEND:$10,$01,
18-12-07 09:34:16 348  RECV:$50,$01,$00,$32,$00,$C8,
18-12-07 09:34:16 411  SEND:$10,$03,
18-12-07 09:34:16 426  RECV:$50,$03,$00,$32,$00,$C8,
18-12-07 09:34:16 473  SEND:$27,$01,
18-12-07 09:34:16 489  RECV:$67,$01,$86,$60,$3A,$8E,
18-12-07 09:34:16 551  SEND:$27,$02,$60,$24,$A8,$73,
18-12-07 09:34:16 567  RECV:$67,$02,
18-12-07 09:34:16 614  SEND:$2E,$65,$07,$8C,$06,$B0,$2B,$51,$F8,$F3,$56,$E5,$64,$2E,$18,$12,$4D,$61,$46,
18-12-07 09:34:16 676  RECV:$7F,$2E,$78,
18-12-07 09:34:18 676  RECV:$7F,$2E,$78,
18-12-07 09:34:20 504  RECV:$6E,$65,$07,
18-12-07 09:34:20 567  SEND:$2E,$65,$06,$8C,$06,$B0,$2B,$51,$F8,$F3,$56,$E5,$64,$2E,$18,$12,$4D,$61,$46,
18-12-07 09:34:20 614  RECV:$7F,$2E,$78,
18-12-07 09:34:22 067  RECV:$6E,$65,$06,
18-12-07 09:34:22 114  SEND:$27,$03,
18-12-07 09:34:22 114  RECV:$67,$03,$C3,$8A,$20,$48,
18-12-07 09:34:22 176  SEND:$27,$04,$F7,$3B,$65,$90,
18-12-07 09:34:22 192  RECV:$67,$04,
18-12-07 09:34:22 239  SEND:$22,$65,$02,
18-12-07 09:34:22 254  RECV:$62,$65,$02,$02,
18-12-07 09:34:22 348  SEND:$31,$01,$65,$F0,
18-12-07 09:34:22 364  RECV:$71,$01,$65,$F0,$01,
18-12-07 09:34:22 426  SEND:$31,$03,$65,$F0,
18-12-07 09:34:22 426  RECV:$71,$03,$65,$F0,$04,$00,
18-12-07 09:34:23 442  SEND:$31,$01,$65,$F3,
18-12-07 09:34:23 458  RECV:$7F,$31,$78,
18-12-07 09:34:25 458  RECV:$7F,$31,$78,
18-12-07 09:34:27 458  RECV:$7F,$31,$78,
18-12-07 09:34:28 176  RECV:$71,$01,$65,$F3,$01,
18-12-07 09:34:28 239  SEND:$31,$03,$65,$F3,
18-12-07 09:34:28 286  RECV:$71,$03,$65,$F3,$04,$00,$F1,$01,
18-12-07 09:34:29 286  SEND:$31,$01,$65,$F3,
18-12-07 09:34:29 301  RECV:$7F,$31,$78,
18-12-07 09:34:31 301  RECV:$7F,$31,$78,
18-12-07 09:34:33 301  RECV:$7F,$31,$78,
18-12-07 09:34:33 770  RECV:$71,$01,$65,$F3,$01,
18-12-07 09:34:33 833  SEND:$31,$03,$65,$F3,
18-12-07 09:34:33 879  RECV:$71,$03,$65,$F3,$04,$00,$F1,$02,
18-12-07 09:34:33 942  SEND:$22,$65,$02,
18-12-07 09:34:33 958  RECV:$62,$65,$02,$02,
18-12-07 09:34:33 958  SEND:$10,$01,
18-12-07 09:34:33 989  RECV:$50,$01,$00,$32,$00,$C8,
18-12-07 09:34:34 004  SEND:$10,$03,
18-12-07 09:34:34 036  RECV:$50,$03,$00,$32,$00,$C8,
18-12-07 09:34:34 083  SEND:$27,$01,
18-12-07 09:34:34 098  RECV:$67,$01,$2A,$E6,$65,$EB,
18-12-07 09:34:34 145  SEND:$27,$02,$50,$4E,$2D,$BC,
18-12-07 09:34:34 161  RECV:$67,$02,
18-12-07 09:34:34 223  SEND:$31,$01,$65,$F5,
18-12-07 09:34:34 239  RECV:$71,$01,$65,$F5,$01,
18-12-07 09:34:34 286  SEND:$31,$03,$65,$F5,
18-12-07 09:34:34 301  RECV:$71,$03,$65,$F5,$04,$00,
18-12-07 09:34:34 364  SEND:$2E,$60,$22,$00,
18-12-07 09:34:34 364  RECV:$7F,$2E,$78,
18-12-07 09:34:35 786  RECV:$6E,$60,$22,
18-12-07 09:34:35 848  SEND:$22,$60,$22,
18-12-07 09:34:35 864  RECV:$62,$60,$22,$00,
18-12-07 09:34:35 926  SEND:$14,$FF,$FF,$FF,
18-12-07 09:34:35 926  RECV:$54,
18-12-07 09:34:51 114  SEND:$0A,$01,$01,$F4,$02,$03,$03,$6E,$00,$04,$83,$E8,$05,$06,$05,$05,$05,$0B,$00,$00,$07,$D2,$0C,$00,$00,$07,$DA,$0D,$00,$7F,$FF,$FF,$0F,$00,$00,$10,$00,$00,
18-12-07 09:34:51 114  RECV:
18-12-07 09:34:51 176  SEND:$3E,$00,
18-12-07 09:34:51 176  RECV:$7E,$00,
18-12-07 09:34:51 239  SEND:$22,$F1,$8A,
18-12-07 09:34:51 270  RECV:$62,$F1,$8A,$35,$37,$31,$30,$36,$36,
18-12-07 09:34:51 286  SEND:$0A,$01,$01,$F4,$02,$03,$03,$6E,$00,$04,$00,$00,$05,$06,$05,$05,$05,$0B,$00,$00,$07,$E0,$0C,$00,$00,$07,$E8,$0D,$00,$7F,$FF,$FF,$0F,$00,$00,$10,$00,$00,
18-12-07 09:34:51 286  REVE:
18-12-07 09:34:51 286  SEND:$10,$03,
18-12-07 09:34:51 301  REVE:$50,$03,$00,$32,$00,$C8,
18-12-07 09:34:51 317  SEND:$3E,$00,
18-12-07 09:34:51 317  REVE:$7E,$00,
18-12-07 09:34:51 364  SEND:$22,$F1,$87,
18-12-07 09:34:51 379  REVE:$62,$F1,$87,$30,$31,$36,$31,$38,$34,$39,$34,$20,$20,
18-12-07 09:34:51 442  SEND:$22,$F1,$8A,
18-12-07 09:34:51 458  REVE:$62,$F1,$8A,$32,$31,$30,$30,$34,$34,
18-12-07 09:34:51 504  SEND:$22,$F1,$93,
18-12-07 09:34:51 520  REVE:$62,$F1,$93,$46,$30,$31,$52,$30,$30,$44,$4B,$56,$32,$20,$20,$20,$20,$20,$20,
18-12-07 09:34:51 583  SEND:$22,$F1,$95,
18-12-07 09:34:51 598  REVE:$62,$F1,$95,$47,$4C,$32,$32,$30,$33,$48,$32,$31,$38,$20,$20,$20,$20,$20,$20,
18-12-07 09:34:51 614  SEND:$27,$01,
18-12-07 09:34:51 614  REVE:$67,$01,$94,$27,$5A,$7B,
18-12-07 09:34:51 614  SEND:$27,$02,$F0,$64,$07,$79,
18-12-07 09:34:51 629  REVE:$67,$02,
18-12-07 09:34:51 629  SEND:$31,$01,$09,$B9,$8C,$06,$B0,$2B,$51,$F8,$F3,$56,$E5,$64,$2E,$18,$12,$4D,$61,$46,
18-12-07 09:34:51 645  REVE:$71,$01,$09,$B9,$04,
18-12-07 09:34:51 645  SEND:$2E,$F1,$90,$4C,$36,$54,$37,$37,$32,$32,$5A,$35,$4A,$4E,$31,$30,$39,$39,$38,$32,
18-12-07 09:34:51 676  REVE:$6E,$F1,$90,
18-12-07 09:34:51 692  SEND:$2E,$02,$05,$8C,$06,$B0,$2B,$51,$F8,$F3,$56,$E5,$64,$2E,$18,$12,$4D,$61,$46,
18-12-07 09:34:51 739  REVE:$7F,$2E,$78,
18-12-07 09:34:51 739  REVE:$6E,$02,$05,
18-12-07 09:34:51 754  SEND:$2E,$02,$03,$8C,$06,$B0,$2B,$51,$F8,$F3,$56,$E5,$64,$2E,$18,$12,$4D,$61,$46,
18-12-07 09:34:51 786  REVE:$6E,$02,$03,
18-12-07 09:34:51 801  SEND:$11,$01,
18-12-07 09:34:51 801  REVE:$51,$01,
18-12-07 09:34:51 801  SEND:$10,$03,
18-12-07 09:34:53 801  SEND:$0A,$01,$01,$F4,$02,$03,$03,$6E,$00,$04,$00,$00,$05,$06,$05,$05,$05,$0B,$00,$00,$07,$E0,$0C,$00,$00,$07,$E8,$0D,$00,$7F,$FF,$FF,$0F,$00,$00,$10,$00,$00,
18-12-07 09:34:53 801  REVE:
18-12-07 09:34:53 801  SEND:$10,$03,
18-12-07 09:34:53 817  REVE:$50,$03,$00,$32,$00,$C8,
18-12-07 09:34:53 817  SEND:$22,$F1,$90,
18-12-07 09:34:53 833  REVE:$62,$F1,$90,$4C,$36,$54,$37,$37,$32,$32,$5A,$35,$4A,$4E,$31,$30,$39,$39,$38,$32,
18-12-07 09:34:53 833  SEND:$14,$FF,$FF,$FF,
18-12-07 09:34:53 833  REVE:$54,
18-12-07 09:35:45 754  The Program is to end   running.
18-12-07 09:42:20 614  The Program is to begin running.
18-12-07 09:43:06 676  L6T7722Z9JN109984
18-12-07 09:43:06 848  SEND:$0A,$01,$01,$F4,$02,$03,$03,$6E,$00,$04,$87,$D0,$05,$20,$28,$20,$15,$0B,$00,$00,$07,$E2,$0C,$00,$00,$07,$EA,$0D,$00,$1F,$FF,$FF,$0F,$00,$00,$10,$00,$00,
18-12-07 09:43:06 848  RECV:
18-12-07 09:43:06 864  SEND:$10,$03,
18-12-07 09:43:06 864  RECV:$50,$03,$00,$32,$00,$C8,
18-12-07 09:43:06 926  SEND:$3E,$00,
18-12-07 09:43:06 926  RECV:
18-12-07 09:43:06 989  SEND:$22,$F1,$87,
18-12-07 09:43:07 051  RECV:$62,$F1,$87,$31,$31,$37,$30,$30,$33,$38,$32,$20,$20,
18-12-07 09:43:07 098  SEND:$22,$F1,$8A,
18-12-07 09:43:07 145  RECV:$62,$F1,$8A,$32,$31,$30,$30,$34,$34,
18-12-07 09:43:07 208  SEND:$22,$F1,$93,
18-12-07 09:43:07 270  RECV:$62,$F1,$93,$32,$20,$20,$20,$20,$20,$20,$20,$20,$20,$20,$20,$20,$20,$20,$20,
18-12-07 09:43:07 333  SEND:$22,$F1,$95,
18-12-07 09:43:07 379  RECV:$62,$F1,$95,$48,$32,$52,$31,$35,$34,$41,$46,$20,$20,$20,$20,$20,$20,$20,$20,
18-12-07 09:43:07 442  SEND:$27,$01,
18-12-07 09:43:07 442  RECV:$67,$01,$AD,$08,$FE,$71,
18-12-07 09:43:07 504  SEND:$27,$02,$F0,$A6,$C4,$C7,
18-12-07 09:43:07 504  RECV:$67,$02,
18-12-07 09:43:07 567  SEND:$2E,$F1,$90,$4C,$36,$54,$37,$37,$32,$32,$5A,$39,$4A,$4E,$31,$30,$39,$39,$38,$34,
18-12-07 09:43:07 614  RECV:$7F,$2E,$78,
18-12-07 09:43:09 051  RECV:$6E,$F1,$90,
18-12-07 09:43:09 114  SEND:$2E,$F1,$9D,$20,$18,$12,$07,
18-12-07 09:43:09 114  RECV:$7F,$2E,$78,
18-12-07 09:43:10 536  RECV:$6E,$F1,$9D,
18-12-07 09:43:10 598  SEND:$2E,$F1,$12,$46,$45,$2D,$34,$4B,$42,$00,$00,
18-12-07 09:43:10 629  RECV:$7F,$2E,$78,
18-12-07 09:43:12 067  RECV:$6E,$F1,$12,
18-12-07 09:43:12 114  SEND:$2E,$F1,$01,$00,$00,$00,$00,$00,$00,$00,$00,$00,$00,$00,$00,$00,$00,$00,$00,$00,$00,$00,$00,$00,$00,$00,$00,$00,$00,
18-12-07 09:43:12 223  RECV:$7F,$2E,$78,
18-12-07 09:43:13 645  RECV:$6E,$F1,$01,
18-12-07 09:43:13 692  SEND:$2E,$F1,$10,$FF,$6D,$21,$00,$00,$02,$00,$00,
18-12-07 09:43:13 739  RECV:$7F,$2E,$78,
18-12-07 09:43:15 270  RECV:$6E,$F1,$10,
18-12-07 09:43:15 317  SEND:$2E,$DF,$EF,$00,$00,$00,$00,$00,$00,$00,$00,$03,$08,$15,$02,$4A,$56,$0F,$00,$00,$00,$00,$00,$00,$00,$00,$00,$AF,$E0,$00,$00,$00,$00,$00,$00,$00,$00,$00,$00,$00,$00,$00,$00,$00,$00,$00,$00,$00,$00,$00,$00,$00,$00,$00,$00,$00,$00,$00,$00,$00,$00,$00,$00,$00,$00,$00,$00,
18-12-07 09:43:15 520  RECV:$7F,$2E,$78,
18-12-07 09:43:15 926  RECV:$6E,$DF,$EF,
18-12-07 09:43:15 973  SEND:$11,$01,
18-12-07 09:43:15 989  RECV:$51,$01,
18-12-07 09:43:16 301  SEND:$22,$F1,$90,
18-12-07 09:43:16 364  RECV:$62,$F1,$90,$4C,$36,$54,$37,$37,$32,$32,$5A,$39,$4A,$4E,$31,$30,$39,$39,$38,$34,
18-12-07 09:43:16 411  SEND:$22,$F1,$9D,
18-12-07 09:43:16 426  RECV:$62,$F1,$9D,$20,$18,$12,$07,
18-12-07 09:43:16 473  SEND:$22,$F1,$12,
18-12-07 09:43:16 520  RECV:$62,$F1,$12,$46,$45,$2D,$34,$4B,$42,$00,$00,
18-12-07 09:43:16 583  SEND:$22,$F1,$01,
18-12-07 09:43:16 645  RECV:$62,$F1,$01,$00,$00,$00,$00,$00,$00,$00,$00,$00,$00,$00,$00,$00,$00,$00,$00,$00,$00,$00,$00,$00,$00,$00,$00,$00,$00,
18-12-07 09:43:16 708  SEND:$22,$F1,$10,
18-12-07 09:43:16 754  RECV:$62,$F1,$10,$FF,$6D,$21,$00,$00,$02,$00,$00,
18-12-07 09:43:16 801  SEND:$22,$DF,$EF,
18-12-07 09:43:16 895  RECV:$62,$DF,$EF,$00,$00,$00,$00,$00,$00,$00,$00,$03,$08,$15,$02,$4A,$56,$0F,$00,$00,$00,$00,$00,$00,$00,$00,$00,$AF,$E0,$00,$00,$00,$00,$00,$00,$00,$00,$00,$00,$00,$00,$00,$00,$00,$00,$00,$00,$00,$00,$00,$00,$00,$00,$00,$00,$00,$00,$00,$00,$00,$00,$00,$00,$00,$00,$00,$00,
18-12-07 09:43:16 958  SEND:$14,$FF,$FF,$FF,
18-12-07 09:43:16 958  RECV:$54,
18-12-07 09:43:17 020  SEND:$10,$01,
18-12-07 09:43:17 036  RECV:$50,$01,$00,$32,$00,$C8,
18-12-07 09:43:17 083  SEND:$10,$03,
18-12-07 09:43:17 098  RECV:$50,$03,$00,$32,$00,$C8,
18-12-07 09:43:17 161  SEND:$27,$01,
18-12-07 09:43:17 176  RECV:$67,$01,$D2,$CC,$A7,$56,
18-12-07 09:43:17 223  SEND:$27,$02,$F0,$E1,$01,$3E,
18-12-07 09:43:17 239  RECV:$67,$02,
18-12-07 09:43:17 301  SEND:$2E,$65,$07,$10,$FB,$EE,$79,$58,$F6,$54,$46,$73,$42,$4A,$42,$31,$F2,$7B,$BF,
18-12-07 09:43:17 348  RECV:$7F,$2E,$31,
18-12-07 09:43:17 411  SEND:$2E,$65,$07,$10,$FB,$EE,$79,$58,$F6,$54,$46,$73,$42,$4A,$42,$31,$F2,$7B,$BF,
18-12-07 09:43:17 458  RECV:$7F,$2E,$31,
18-12-07 09:43:17 520  SEND:$2E,$65,$07,$10,$FB,$EE,$79,$58,$F6,$54,$46,$73,$42,$4A,$42,$31,$F2,$7B,$BF,
18-12-07 09:43:17 567  RECV:$7F,$2E,$31,
18-12-07 09:43:17 629  SEND:$2E,$65,$07,$10,$FB,$EE,$79,$58,$F6,$54,$46,$73,$42,$4A,$42,$31,$F2,$7B,$BF,
18-12-07 09:43:17 676  RECV:$7F,$2E,$31,
18-12-07 09:43:17 739  SEND:$2E,$65,$06,$10,$FB,$EE,$79,$58,$F6,$54,$46,$73,$42,$4A,$42,$31,$F2,$7B,$BF,
18-12-07 09:43:17 786  RECV:$7F,$2E,$78,
18-12-07 09:43:19 786  RECV:$7F,$2E,$78,
18-12-07 09:43:20 036  RECV:$6E,$65,$06,
18-12-07 09:43:20 083  SEND:$27,$03,
18-12-07 09:43:20 098  RECV:$67,$03,$47,$0A,$67,$0C,
18-12-07 09:43:20 145  SEND:$27,$04,$69,$CE,$2B,$CA,
18-12-07 09:43:20 161  RECV:$67,$04,
18-12-07 09:43:20 223  SEND:$22,$65,$02,
18-12-07 09:43:20 223  RECV:$62,$65,$02,$00,
18-12-07 09:43:20 286  SEND:$31,$01,$65,$F3,
18-12-07 09:43:20 286  RECV:$7F,$31,$78,
18-12-07 09:43:22 286  RECV:$7F,$31,$78,
18-12-07 09:43:24 286  RECV:$7F,$31,$78,
18-12-07 09:43:24 879  RECV:$71,$01,$65,$F3,$01,
18-12-07 09:43:24 942  SEND:$31,$03,$65,$F3,
18-12-07 09:43:24 989  RECV:$71,$03,$65,$F3,$04,$00,$F1,$01,
18-12-07 09:43:25 051  SEND:$31,$01,$65,$F3,
18-12-07 09:43:25 067  RECV:$7F,$31,$78,
18-12-07 09:43:27 067  RECV:$7F,$31,$78,
18-12-07 09:43:29 067  RECV:$7F,$31,$78,
18-12-07 09:43:29 661  RECV:$71,$01,$65,$F3,$01,
18-12-07 09:43:29 708  SEND:$31,$03,$65,$F3,
18-12-07 09:43:29 770  RECV:$71,$03,$65,$F3,$04,$00,$F1,$01,
18-12-07 09:43:29 817  SEND:$22,$65,$02,
18-12-07 09:43:29 833  RECV:$62,$65,$02,$02,
18-12-07 09:43:29 848  SEND:$10,$01,
18-12-07 09:43:29 879  RECV:$50,$01,$00,$32,$00,$C8,
18-12-07 09:43:29 879  SEND:$10,$03,
18-12-07 09:43:29 911  RECV:$50,$03,$00,$32,$00,$C8,
18-12-07 09:43:29 973  SEND:$27,$01,
18-12-07 09:43:29 989  RECV:$67,$01,$CE,$0B,$11,$BE,
18-12-07 09:43:30 036  SEND:$27,$02,$50,$90,$CA,$F8,
18-12-07 09:43:30 051  RECV:$67,$02,
18-12-07 09:43:30 114  SEND:$31,$01,$65,$F5,
18-12-07 09:43:30 114  RECV:$71,$01,$65,$F5,$01,
18-12-07 09:43:30 176  SEND:$31,$03,$65,$F5,
18-12-07 09:43:30 176  RECV:$71,$03,$65,$F5,$04,$00,
18-12-07 09:43:30 239  SEND:$2E,$60,$22,$00,
18-12-07 09:43:30 254  RECV:$7F,$2E,$78,
18-12-07 09:43:31 692  RECV:$6E,$60,$22,
18-12-07 09:43:31 754  SEND:$22,$60,$22,
18-12-07 09:43:31 770  RECV:$62,$60,$22,$00,
18-12-07 09:43:31 817  SEND:$14,$FF,$FF,$FF,
18-12-07 09:43:31 833  RECV:$54,
18-12-07 09:43:46 989  SEND:$0A,$01,$01,$F4,$02,$03,$03,$6E,$00,$04,$83,$E8,$05,$06,$05,$05,$05,$0B,$00,$00,$07,$D2,$0C,$00,$00,$07,$DA,$0D,$00,$7F,$FF,$FF,$0F,$00,$00,$10,$00,$00,
18-12-07 09:43:46 989  RECV:
18-12-07 09:43:47 051  SEND:$3E,$00,
18-12-07 09:43:47 051  RECV:$7E,$00,
18-12-07 09:43:47 114  SEND:$22,$F1,$8A,
18-12-07 09:43:47 145  RECV:$62,$F1,$8A,$35,$37,$31,$30,$36,$36,
18-12-07 09:43:47 161  SEND:$0A,$01,$01,$F4,$02,$03,$03,$6E,$00,$04,$00,$00,$05,$06,$05,$05,$05,$0B,$00,$00,$07,$E0,$0C,$00,$00,$07,$E8,$0D,$00,$7F,$FF,$FF,$0F,$00,$00,$10,$00,$00,
18-12-07 09:43:47 161  REVE:
18-12-07 09:43:47 161  SEND:$10,$03,
18-12-07 09:43:47 176  REVE:$50,$03,$00,$32,$00,$C8,
18-12-07 09:43:47 176  SEND:$3E,$00,
18-12-07 09:43:47 192  REVE:$7E,$00,
18-12-07 09:43:47 239  SEND:$22,$F1,$87,
18-12-07 09:43:47 254  REVE:$62,$F1,$87,$30,$31,$36,$31,$38,$34,$39,$34,$20,$20,
18-12-07 09:43:47 317  SEND:$22,$F1,$8A,
18-12-07 09:43:47 317  REVE:$62,$F1,$8A,$32,$31,$30,$30,$34,$34,
18-12-07 09:43:47 379  SEND:$22,$F1,$93,
18-12-07 09:43:47 395  REVE:$62,$F1,$93,$46,$30,$31,$52,$30,$30,$44,$4B,$56,$32,$20,$20,$20,$20,$20,$20,
18-12-07 09:43:47 458  SEND:$22,$F1,$95,
18-12-07 09:43:47 473  REVE:$62,$F1,$95,$47,$4C,$32,$32,$30,$33,$48,$32,$31,$38,$20,$20,$20,$20,$20,$20,
18-12-07 09:43:47 473  SEND:$27,$01,
18-12-07 09:43:47 473  REVE:$67,$01,$1D,$FF,$7C,$5E,
18-12-07 09:43:47 489  SEND:$27,$02,$F0,$EC,$D5,$EF,
18-12-07 09:43:47 489  REVE:$67,$02,
18-12-07 09:43:47 504  SEND:$31,$01,$09,$B9,$10,$FB,$EE,$79,$58,$F6,$54,$46,$73,$42,$4A,$42,$31,$F2,$7B,$BF,
18-12-07 09:43:47 520  REVE:$71,$01,$09,$B9,$05,
18-12-07 09:43:47 520  SEND:$2E,$F1,$90,$4C,$36,$54,$37,$37,$32,$32,$5A,$39,$4A,$4E,$31,$30,$39,$39,$38,$34,
18-12-07 09:43:47 551  REVE:$7F,$2E,$22,
18-12-07 09:43:47 551  SEND:$2E,$F1,$90,$4C,$36,$54,$37,$37,$32,$32,$5A,$39,$4A,$4E,$31,$30,$39,$39,$38,$34,
18-12-07 09:43:47 567  REVE:$7F,$2E,$22,
18-12-07 09:43:47 567  SEND:$2E,$F1,$90,$4C,$36,$54,$37,$37,$32,$32,$5A,$39,$4A,$4E,$31,$30,$39,$39,$38,$34,
18-12-07 09:43:47 583  REVE:$7F,$2E,$22,
18-12-07 09:43:47 583  SEND:$2E,$F1,$90,$4C,$36,$54,$37,$37,$32,$32,$5A,$39,$4A,$4E,$31,$30,$39,$39,$38,$34,
18-12-07 09:43:47 614  REVE:$7F,$2E,$22,
18-12-07 09:43:47 629  SEND:$2E,$02,$05,$10,$FB,$EE,$79,$58,$F6,$54,$46,$73,$42,$4A,$42,$31,$F2,$7B,$BF,
18-12-07 09:43:47 645  REVE:$7F,$2E,$22,
18-12-07 09:43:47 645  SEND:$2E,$02,$03,$10,$FB,$EE,$79,$58,$F6,$54,$46,$73,$42,$4A,$42,$31,$F2,$7B,$BF,
18-12-07 09:43:47 676  REVE:$7F,$2E,$22,
18-12-07 09:43:47 676  SEND:$11,$01,
18-12-07 09:43:47 692  REVE:$51,$01,
18-12-07 09:43:47 692  SEND:$10,$03,
18-12-07 09:43:49 692  SEND:$0A,$01,$01,$F4,$02,$03,$03,$6E,$00,$04,$00,$00,$05,$06,$05,$05,$05,$0B,$00,$00,$07,$E0,$0C,$00,$00,$07,$E8,$0D,$00,$7F,$FF,$FF,$0F,$00,$00,$10,$00,$00,
18-12-07 09:43:49 692  REVE:
18-12-07 09:43:49 692  SEND:$10,$03,
18-12-07 09:43:49 708  REVE:$50,$03,$00,$32,$00,$C8,
18-12-07 09:43:49 708  SEND:$22,$F1,$90,
18-12-07 09:43:49 739  REVE:$62,$F1,$90,$4C,$36,$54,$37,$37,$32,$32,$5A,$31,$4A,$4E,$30,$39,$38,$36,$34,$32,
18-12-07 09:43:49 739  SEND:$14,$FF,$FF,$FF,
18-12-07 09:43:49 754  REVE:$54,
18-12-07 09:49:12 176  The Program is to end   running.
18-12-07 09:53:34 395  The Program is to begin running.
18-12-07 09:54:12 301  L6T7722Z9JN109984
18-12-07 09:54:12 473  SEND:$0A,$01,$01,$F4,$02,$03,$03,$6E,$00,$04,$87,$D0,$05,$20,$28,$20,$15,$0B,$00,$00,$07,$E2,$0C,$00,$00,$07,$EA,$0D,$00,$1F,$FF,$FF,$0F,$00,$00,$10,$00,$00,
18-12-07 09:54:12 489  RECV:
18-12-07 09:54:12 489  SEND:$10,$03,
18-12-07 09:54:12 504  RECV:$50,$03,$00,$32,$00,$C8,
18-12-07 09:54:12 551  SEND:$3E,$00,
18-12-07 09:54:12 551  RECV:
18-12-07 09:54:12 614  SEND:$22,$F1,$87,
18-12-07 09:54:12 676  RECV:$62,$F1,$87,$31,$31,$37,$30,$30,$33,$38,$32,$20,$20,
18-12-07 09:54:12 723  SEND:$22,$F1,$8A,
18-12-07 09:54:12 786  RECV:$62,$F1,$8A,$32,$31,$30,$30,$34,$34,
18-12-07 09:54:12 848  SEND:$22,$F1,$93,
18-12-07 09:54:12 895  RECV:$62,$F1,$93,$32,$20,$20,$20,$20,$20,$20,$20,$20,$20,$20,$20,$20,$20,$20,$20,
18-12-07 09:54:12 958  SEND:$22,$F1,$95,
18-12-07 09:54:13 004  RECV:$62,$F1,$95,$48,$32,$52,$31,$35,$34,$41,$46,$20,$20,$20,$20,$20,$20,$20,$20,
18-12-07 09:54:13 067  SEND:$27,$01,
18-12-07 09:54:13 083  RECV:$67,$01,$1D,$5F,$5D,$13,
18-12-07 09:54:13 129  SEND:$27,$02,$B0,$DD,$9E,$C4,
18-12-07 09:54:13 145  RECV:$67,$02,
18-12-07 09:54:13 208  SEND:$2E,$F1,$90,$4C,$36,$54,$37,$37,$32,$32,$5A,$39,$4A,$4E,$31,$30,$39,$39,$38,$34,
18-12-07 09:54:13 254  RECV:$7F,$2E,$78,
18-12-07 09:54:13 270  RECV:$6E,$F1,$90,
18-12-07 09:54:13 333  SEND:$2E,$F1,$9D,$20,$18,$12,$07,
18-12-07 09:54:13 348  RECV:$7F,$2E,$78,
18-12-07 09:54:13 364  RECV:$6E,$F1,$9D,
18-12-07 09:54:13 426  SEND:$2E,$F1,$12,$46,$45,$2D,$34,$4B,$42,$00,$00,
18-12-07 09:54:13 458  RECV:$7F,$2E,$78,
18-12-07 09:54:13 473  RECV:$6E,$F1,$12,
18-12-07 09:54:13 536  SEND:$2E,$F1,$01,$00,$00,$00,$00,$00,$00,$00,$00,$00,$00,$00,$00,$00,$00,$00,$00,$00,$00,$00,$00,$00,$00,$00,$00,$00,$00,
18-12-07 09:54:13 645  RECV:$7F,$2E,$78,
18-12-07 09:54:13 661  RECV:$6E,$F1,$01,
18-12-07 09:54:13 708  SEND:$2E,$F1,$10,$FF,$6D,$21,$00,$00,$02,$00,$00,
18-12-07 09:54:13 754  RECV:$7F,$2E,$78,
18-12-07 09:54:13 770  RECV:$6E,$F1,$10,
18-12-07 09:54:13 817  SEND:$2E,$DF,$EF,$00,$00,$00,$00,$00,$00,$00,$00,$03,$08,$15,$02,$4A,$56,$0F,$00,$00,$00,$00,$00,$00,$00,$00,$00,$AF,$E0,$00,$00,$00,$00,$00,$00,$00,$00,$00,$00,$00,$00,$00,$00,$00,$00,$00,$00,$00,$00,$00,$00,$00,$00,$00,$00,$00,$00,$00,$00,$00,$00,$00,$00,$00,$00,$00,$00,
18-12-07 09:54:14 036  RECV:$7F,$2E,$78,
18-12-07 09:54:14 176  RECV:$6E,$DF,$EF,
18-12-07 09:54:14 239  SEND:$11,$01,
18-12-07 09:54:14 254  RECV:$51,$01,
18-12-07 09:54:14 551  SEND:$22,$F1,$90,
18-12-07 09:54:14 614  RECV:$62,$F1,$90,$4C,$36,$54,$37,$37,$32,$32,$5A,$39,$4A,$4E,$31,$30,$39,$39,$38,$34,
18-12-07 09:54:14 676  SEND:$22,$F1,$9D,
18-12-07 09:54:14 676  RECV:$62,$F1,$9D,$20,$18,$12,$07,
18-12-07 09:54:14 723  SEND:$22,$F1,$12,
18-12-07 09:54:14 786  RECV:$62,$F1,$12,$46,$45,$2D,$34,$4B,$42,$00,$00,
18-12-07 09:54:14 833  SEND:$22,$F1,$01,
18-12-07 09:54:14 911  RECV:$62,$F1,$01,$00,$00,$00,$00,$00,$00,$00,$00,$00,$00,$00,$00,$00,$00,$00,$00,$00,$00,$00,$00,$00,$00,$00,$00,$00,$00,
18-12-07 09:54:14 958  SEND:$22,$F1,$10,
18-12-07 09:54:15 020  RECV:$62,$F1,$10,$FF,$6D,$21,$00,$00,$02,$00,$00,
18-12-07 09:54:15 083  SEND:$22,$DF,$EF,
18-12-07 09:54:15 176  RECV:$62,$DF,$EF,$00,$00,$00,$00,$00,$00,$00,$00,$03,$08,$15,$02,$4A,$56,$0F,$00,$00,$00,$00,$00,$00,$00,$00,$00,$AF,$E0,$00,$00,$00,$00,$00,$00,$00,$00,$00,$00,$00,$00,$00,$00,$00,$00,$00,$00,$00,$00,$00,$00,$00,$00,$00,$00,$00,$00,$00,$00,$00,$00,$00,$00,$00,$00,$00,$00,
18-12-07 09:54:15 239  SEND:$14,$FF,$FF,$FF,
18-12-07 09:54:15 239  RECV:$54,
18-12-07 09:54:15 301  SEND:$10,$01,
18-12-07 09:54:15 317  RECV:$50,$01,$00,$32,$00,$C8,
18-12-07 09:54:15 379  SEND:$10,$03,
18-12-07 09:54:15 379  RECV:$50,$03,$00,$32,$00,$C8,
18-12-07 09:54:15 442  SEND:$27,$01,
18-12-07 09:54:15 458  RECV:$67,$01,$14,$F6,$F9,$BA,
18-12-07 09:54:15 504  SEND:$27,$02,$10,$4D,$34,$50,
18-12-07 09:54:15 520  RECV:$67,$02,
18-12-07 09:54:15 583  SEND:$2E,$65,$07,$10,$FB,$EE,$79,$58,$F6,$54,$46,$73,$42,$4A,$42,$31,$F2,$7B,$BF,
18-12-07 09:54:15 629  RECV:$7F,$2E,$78,
18-12-07 09:54:17 629  RECV:$7F,$2E,$78,
18-12-07 09:54:18 333  RECV:$6E,$65,$07,
18-12-07 09:54:18 379  SEND:$2E,$65,$06,$10,$FB,$EE,$79,$58,$F6,$54,$46,$73,$42,$4A,$42,$31,$F2,$7B,$BF,
18-12-07 09:54:18 442  RECV:$7F,$2E,$78,
18-12-07 09:54:19 879  RECV:$6E,$65,$06,
18-12-07 09:54:19 926  SEND:$27,$03,
18-12-07 09:54:19 942  RECV:$67,$03,$12,$29,$EE,$2D,
18-12-07 09:54:19 989  SEND:$27,$04,$E8,$9F,$2B,$DE,
18-12-07 09:54:20 004  RECV:$67,$04,
18-12-07 09:54:20 067  SEND:$22,$65,$02,
18-12-07 09:54:20 067  RECV:$62,$65,$02,$02,
18-12-07 09:54:20 129  SEND:$31,$01,$65,$F0,
18-12-07 09:54:20 129  RECV:$71,$01,$65,$F0,$01,
18-12-07 09:54:20 192  SEND:$31,$03,$65,$F0,
18-12-07 09:54:20 208  RECV:$71,$03,$65,$F0,$04,$00,
18-12-07 09:54:21 223  SEND:$31,$01,$65,$F3,
18-12-07 09:54:21 223  RECV:$7F,$31,$78,
18-12-07 09:54:23 223  RECV:$7F,$31,$78,
18-12-07 09:54:25 223  RECV:$7F,$31,$78,
18-12-07 09:54:25 708  RECV:$71,$01,$65,$F3,$01,
18-12-07 09:54:25 754  SEND:$31,$03,$65,$F3,
18-12-07 09:54:25 817  RECV:$71,$03,$65,$F3,$04,$00,$F1,$02,
18-12-07 09:54:26 817  SEND:$31,$01,$65,$F3,
18-12-07 09:54:26 833  RECV:$7F,$31,$78,
18-12-07 09:54:28 833  RECV:$7F,$31,$78,
18-12-07 09:54:30 833  RECV:$7F,$31,$78,
18-12-07 09:54:31 301  RECV:$71,$01,$65,$F3,$01,
18-12-07 09:54:31 348  SEND:$31,$03,$65,$F3,
18-12-07 09:54:31 411  RECV:$71,$03,$65,$F3,$04,$00,$F1,$02,
18-12-07 09:54:31 473  SEND:$22,$65,$02,
18-12-07 09:54:31 473  RECV:$62,$65,$02,$02,
18-12-07 09:54:31 489  SEND:$10,$01,
18-12-07 09:54:31 520  RECV:$50,$01,$00,$32,$00,$C8,
18-12-07 09:54:31 520  SEND:$10,$03,
18-12-07 09:54:31 567  RECV:$50,$03,$00,$32,$00,$C8,
18-12-07 09:54:31 614  SEND:$27,$01,
18-12-07 09:54:31 629  RECV:$67,$01,$2F,$83,$D5,$24,
18-12-07 09:54:31 692  SEND:$27,$02,$E0,$1E,$46,$EC,
18-12-07 09:54:31 708  RECV:$67,$02,
18-12-07 09:54:31 754  SEND:$31,$01,$65,$F5,
18-12-07 09:54:31 770  RECV:$71,$01,$65,$F5,$01,
18-12-07 09:54:31 833  SEND:$31,$03,$65,$F5,
18-12-07 09:54:31 833  RECV:$71,$03,$65,$F5,$04,$00,
18-12-07 09:54:31 895  SEND:$2E,$60,$22,$00,
18-12-07 09:54:31 911  RECV:$7F,$2E,$78,
18-12-07 09:54:31 926  RECV:$6E,$60,$22,
18-12-07 09:54:31 989  SEND:$22,$60,$22,
18-12-07 09:54:32 004  RECV:$62,$60,$22,$00,
18-12-07 09:54:32 051  SEND:$14,$FF,$FF,$FF,
18-12-07 09:54:32 067  RECV:$54,
18-12-07 09:54:47 223  SEND:$0A,$01,$01,$F4,$02,$03,$03,$6E,$00,$04,$83,$E8,$05,$06,$05,$05,$05,$0B,$00,$00,$07,$D2,$0C,$00,$00,$07,$DA,$0D,$00,$7F,$FF,$FF,$0F,$00,$00,$10,$00,$00,
18-12-07 09:54:47 223  RECV:
18-12-07 09:54:47 286  SEND:$3E,$00,
18-12-07 09:54:47 301  RECV:$7E,$00,
18-12-07 09:54:47 348  SEND:$22,$F1,$8A,
18-12-07 09:54:47 379  RECV:$62,$F1,$8A,$35,$37,$31,$30,$36,$36,
18-12-07 09:54:47 395  SEND:$0A,$01,$01,$F4,$02,$03,$03,$6E,$00,$04,$00,$00,$05,$06,$05,$05,$05,$0B,$00,$00,$07,$E0,$0C,$00,$00,$07,$E8,$0D,$00,$7F,$FF,$FF,$0F,$00,$00,$10,$00,$00,
18-12-07 09:54:47 395  REVE:
18-12-07 09:54:47 411  SEND:$10,$03,
18-12-07 09:54:47 411  REVE:$50,$03,$00,$32,$00,$C8,
18-12-07 09:54:47 411  SEND:$3E,$00,
18-12-07 09:54:47 426  REVE:$7E,$00,
18-12-07 09:54:47 473  SEND:$22,$F1,$87,
18-12-07 09:54:47 489  REVE:$62,$F1,$87,$30,$31,$36,$31,$38,$34,$39,$34,$20,$20,
18-12-07 09:54:47 551  SEND:$22,$F1,$8A,
18-12-07 09:54:47 551  REVE:$62,$F1,$8A,$32,$31,$30,$30,$34,$34,
18-12-07 09:54:47 614  SEND:$22,$F1,$93,
18-12-07 09:54:47 629  REVE:$62,$F1,$93,$46,$30,$31,$52,$30,$30,$44,$4B,$56,$32,$20,$20,$20,$20,$20,$20,
18-12-07 09:54:47 692  SEND:$22,$F1,$95,
18-12-07 09:54:47 708  REVE:$62,$F1,$95,$47,$4C,$32,$32,$30,$33,$48,$32,$31,$38,$20,$20,$20,$20,$20,$20,
18-12-07 09:54:47 708  SEND:$27,$01,
18-12-07 09:54:47 723  REVE:$67,$01,$72,$F7,$AB,$E3,
18-12-07 09:54:47 723  SEND:$27,$02,$E0,$6A,$D8,$18,
18-12-07 09:54:47 723  REVE:$67,$02,
18-12-07 09:54:47 739  SEND:$31,$01,$09,$B9,$10,$FB,$EE,$79,$58,$F6,$54,$46,$73,$42,$4A,$42,$31,$F2,$7B,$BF,
18-12-07 09:54:47 754  REVE:$71,$01,$09,$B9,$05,
18-12-07 09:54:47 770  SEND:$2E,$F1,$90,$4C,$36,$54,$37,$37,$32,$32,$5A,$39,$4A,$4E,$31,$30,$39,$39,$38,$34,
18-12-07 09:54:47 786  REVE:$7F,$2E,$22,
18-12-07 09:54:47 786  SEND:$2E,$F1,$90,$4C,$36,$54,$37,$37,$32,$32,$5A,$39,$4A,$4E,$31,$30,$39,$39,$38,$34,
18-12-07 09:54:47 817  REVE:$7F,$2E,$22,
18-12-07 09:54:47 817  SEND:$2E,$F1,$90,$4C,$36,$54,$37,$37,$32,$32,$5A,$39,$4A,$4E,$31,$30,$39,$39,$38,$34,
18-12-07 09:54:47 833  REVE:$7F,$2E,$22,
18-12-07 09:54:47 833  SEND:$2E,$F1,$90,$4C,$36,$54,$37,$37,$32,$32,$5A,$39,$4A,$4E,$31,$30,$39,$39,$38,$34,
18-12-07 09:54:47 848  REVE:$7F,$2E,$22,
18-12-07 09:54:47 864  SEND:$2E,$02,$05,$10,$FB,$EE,$79,$58,$F6,$54,$46,$73,$42,$4A,$42,$31,$F2,$7B,$BF,
18-12-07 09:54:47 879  REVE:$7F,$2E,$22,
18-12-07 09:54:47 879  SEND:$2E,$02,$03,$10,$FB,$EE,$79,$58,$F6,$54,$46,$73,$42,$4A,$42,$31,$F2,$7B,$BF,
18-12-07 09:54:47 942  REVE:$6E,$02,$03,
18-12-07 09:54:47 942  SEND:$11,$01,
18-12-07 09:54:47 958  REVE:$51,$01,
18-12-07 09:54:47 958  SEND:$10,$03,
18-12-07 09:54:49 958  SEND:$0A,$01,$01,$F4,$02,$03,$03,$6E,$00,$04,$00,$00,$05,$06,$05,$05,$05,$0B,$00,$00,$07,$E0,$0C,$00,$00,$07,$E8,$0D,$00,$7F,$FF,$FF,$0F,$00,$00,$10,$00,$00,
18-12-07 09:54:49 973  REVE:
18-12-07 09:54:49 973  SEND:$10,$03,
18-12-07 09:54:49 989  REVE:$50,$03,$00,$32,$00,$C8,
18-12-07 09:54:49 989  SEND:$22,$F1,$90,
18-12-07 09:54:50 004  REVE:$62,$F1,$90,$4C,$36,$54,$37,$37,$32,$32,$5A,$31,$4A,$4E,$30,$39,$38,$36,$34,$32,
18-12-07 09:54:50 020  SEND:$14,$FF,$FF,$FF,
18-12-07 09:54:50 020  REVE:$54,
18-12-07 10:05:58 911  The Program is to end   running.
18-12-07 14:45:59 156  The Program is to begin running.
18-12-07 15:26:12 406  L6T7722Z5JN109982
18-12-07 15:26:12 968  SEND:$0A,$01,$01,$F4,$02,$03,$03,$6E,$00,$04,$87,$D0,$05,$20,$28,$20,$15,$0B,$00,$00,$07,$E2,$0C,$00,$00,$07,$EA,$0D,$00,$1F,$FF,$FF,$0F,$00,$00,$10,$00,$00,
18-12-07 15:26:13 000  RECV:
18-12-07 15:26:13 031  SEND:$10,$03,
18-12-07 15:26:13 046  RECV:$50,$03,$00,$32,$00,$C8,
18-12-07 15:26:13 093  SEND:$3E,$00,
18-12-07 15:26:13 093  RECV:
18-12-07 15:26:13 156  SEND:$22,$F1,$87,
18-12-07 15:26:13 218  RECV:$62,$F1,$87,$31,$31,$37,$30,$30,$33,$38,$32,$20,$20,
18-12-07 15:26:13 265  SEND:$22,$F1,$8A,
18-12-07 15:26:13 328  RECV:$62,$F1,$8A,$32,$31,$30,$30,$34,$34,
18-12-07 15:26:13 390  SEND:$22,$F1,$93,
18-12-07 15:26:13 453  RECV:$62,$F1,$93,$32,$20,$20,$20,$20,$20,$20,$20,$20,$20,$20,$20,$20,$20,$20,$20,
18-12-07 15:26:13 515  SEND:$22,$F1,$95,
18-12-07 15:26:13 562  RECV:$62,$F1,$95,$48,$32,$52,$31,$35,$34,$41,$46,$20,$20,$20,$20,$20,$20,$20,$20,
18-12-07 15:26:13 625  SEND:$27,$01,
18-12-07 15:26:13 625  RECV:$67,$01,$AA,$71,$B5,$8F,
18-12-07 15:26:13 734  SEND:$27,$02,$70,$36,$B0,$BC,
18-12-07 15:26:13 734  RECV:$67,$02,
18-12-07 15:26:13 812  SEND:$2E,$F1,$90,$4C,$36,$54,$37,$37,$32,$32,$5A,$35,$4A,$4E,$31,$30,$39,$39,$38,$32,
18-12-07 15:26:13 859  RECV:$7F,$2E,$78,
18-12-07 15:26:13 875  RECV:$6E,$F1,$90,
18-12-07 15:26:13 937  SEND:$2E,$F1,$9D,$20,$18,$12,$07,
18-12-07 15:26:13 953  RECV:$7F,$2E,$78,
18-12-07 15:26:13 968  RECV:$6E,$F1,$9D,
18-12-07 15:26:14 031  SEND:$2E,$F1,$12,$46,$45,$2D,$34,$4B,$42,$00,$00,
18-12-07 15:26:14 078  RECV:$7F,$2E,$78,
18-12-07 15:26:14 093  RECV:$6E,$F1,$12,
18-12-07 15:26:14 156  SEND:$2E,$F1,$01,$7B,$EE,$00,$0B,$08,$09,$08,$60,$00,$08,$00,$02,$DD,$A7,$A7,$00,$DB,$00,$00,$03,$00,$00,$00,$00,$00,$00,
18-12-07 15:26:14 250  RECV:$7F,$2E,$78,
18-12-07 15:26:14 265  RECV:$6E,$F1,$01,
18-12-07 15:26:14 328  SEND:$2E,$F1,$10,$FF,$6D,$21,$00,$00,$02,$00,$00,
18-12-07 15:26:14 375  RECV:$7F,$2E,$78,
18-12-07 15:26:14 406  RECV:$6E,$F1,$10,
18-12-07 15:26:14 453  SEND:$2E,$DF,$EF,$00,$00,$00,$00,$00,$00,$00,$00,$7B,$EE,$00,$0B,$08,$09,$08,$60,$00,$08,$00,$02,$DD,$A7,$A7,$00,$DB,$00,$00,$03,$00,$00,$00,$00,$00,$00,$03,$08,$15,$02,$4A,$56,$0F,$00,$00,$00,$00,$00,$00,$00,$00,$00,$AF,$E0,$00,$00,$00,$00,$00,$00,$00,$00,$00,$00,$00,$00,
18-12-07 15:26:14 671  RECV:$7F,$2E,$78,
18-12-07 15:26:15 062  RECV:$6E,$DF,$EF,
18-12-07 15:26:15 125  SEND:$11,$01,
18-12-07 15:26:15 140  RECV:$51,$01,
18-12-07 15:26:15 453  SEND:$22,$F1,$90,
18-12-07 15:26:15 500  RECV:$62,$F1,$90,$4C,$36,$54,$37,$37,$32,$32,$5A,$35,$4A,$4E,$31,$30,$39,$39,$38,$32,
18-12-07 15:26:15 562  SEND:$22,$F1,$9D,
18-12-07 15:26:15 562  RECV:$62,$F1,$9D,$20,$18,$12,$07,
18-12-07 15:26:15 625  SEND:$22,$F1,$12,
18-12-07 15:26:15 671  RECV:$62,$F1,$12,$46,$45,$2D,$34,$4B,$42,$00,$00,
18-12-07 15:26:15 718  SEND:$22,$F1,$01,
18-12-07 15:26:15 796  RECV:$62,$F1,$01,$7B,$EE,$00,$0B,$08,$09,$08,$60,$00,$08,$00,$02,$DD,$A7,$A7,$00,$DB,$00,$00,$03,$00,$00,$00,$00,$00,$00,
18-12-07 15:26:15 843  SEND:$22,$F1,$10,
18-12-07 15:26:15 906  RECV:$62,$F1,$10,$FF,$6D,$21,$00,$00,$02,$00,$00,
18-12-07 15:26:15 953  SEND:$22,$DF,$EF,
18-12-07 15:26:16 046  RECV:$62,$DF,$EF,$00,$00,$00,$00,$00,$00,$00,$00,$7B,$EE,$00,$0B,$08,$09,$08,$60,$00,$08,$00,$02,$DD,$A7,$A7,$00,$DB,$00,$00,$03,$00,$00,$00,$00,$00,$00,$03,$08,$15,$02,$4A,$56,$0F,$00,$00,$00,$00,$00,$00,$00,$00,$00,$AF,$E0,$00,$00,$00,$00,$00,$00,$00,$00,$00,$00,$00,$00,
18-12-07 15:26:16 109  SEND:$14,$FF,$FF,$FF,
18-12-07 15:26:16 109  RECV:$54,
18-12-07 15:26:16 187  SEND:$10,$01,
18-12-07 15:26:16 203  RECV:$50,$01,$00,$32,$00,$C8,
18-12-07 15:26:16 265  SEND:$10,$03,
18-12-07 15:26:16 281  RECV:$50,$03,$00,$32,$00,$C8,
18-12-07 15:26:16 328  SEND:$27,$01,
18-12-07 15:26:16 343  RECV:$67,$01,$BE,$41,$AC,$D5,
18-12-07 15:26:16 406  SEND:$27,$02,$F0,$37,$81,$F5,
18-12-07 15:26:16 406  RECV:$67,$02,
18-12-07 15:26:16 468  SEND:$2E,$65,$07,$8C,$06,$B0,$2B,$51,$F8,$F3,$56,$E5,$64,$2E,$18,$12,$4D,$61,$46,
18-12-07 15:26:16 515  RECV:$7F,$2E,$78,
18-12-07 15:26:18 515  RECV:$7F,$2E,$78,
18-12-07 15:26:20 156  RECV:$6E,$65,$07,
18-12-07 15:26:20 218  SEND:$2E,$65,$06,$8C,$06,$B0,$2B,$51,$F8,$F3,$56,$E5,$64,$2E,$18,$12,$4D,$61,$46,
18-12-07 15:26:20 281  RECV:$7F,$2E,$78,
18-12-07 15:26:22 281  RECV:$7F,$2E,$78,
18-12-07 15:26:22 625  RECV:$6E,$65,$06,
18-12-07 15:26:22 687  SEND:$27,$03,
18-12-07 15:26:22 687  RECV:$67,$03,$0F,$5E,$9D,$C7,
18-12-07 15:26:22 750  SEND:$27,$04,$D4,$0C,$7D,$82,
18-12-07 15:26:22 765  RECV:$67,$04,
18-12-07 15:26:22 812  SEND:$22,$65,$02,
18-12-07 15:26:22 812  RECV:$62,$65,$02,$02,
18-12-07 15:26:22 890  SEND:$31,$01,$65,$F0,
18-12-07 15:26:22 906  RECV:$71,$01,$65,$F0,$01,
18-12-07 15:26:22 968  SEND:$31,$03,$65,$F0,
18-12-07 15:26:22 984  RECV:$71,$03,$65,$F0,$04,$00,
18-12-07 15:26:24 000  SEND:$31,$01,$65,$F3,
18-12-07 15:26:24 015  RECV:$7F,$31,$78,
18-12-07 15:26:26 015  RECV:$7F,$31,$78,
18-12-07 15:26:28 015  RECV:$7F,$31,$78,
18-12-07 15:26:28 484  RECV:$71,$01,$65,$F3,$01,
18-12-07 15:26:28 531  SEND:$31,$03,$65,$F3,
18-12-07 15:26:28 578  RECV:$71,$03,$65,$F3,$04,$00,$F1,$02,
18-12-07 15:26:29 593  SEND:$31,$01,$65,$F3,
18-12-07 15:26:29 593  RECV:$7F,$31,$78,
18-12-07 15:26:31 609  RECV:$7F,$31,$78,
18-12-07 15:26:33 609  RECV:$7F,$31,$78,
18-12-07 15:26:34 078  RECV:$71,$01,$65,$F3,$01,
18-12-07 15:26:34 125  SEND:$31,$03,$65,$F3,
18-12-07 15:26:34 171  RECV:$71,$03,$65,$F3,$04,$00,$F1,$02,
18-12-07 15:26:34 234  SEND:$22,$65,$02,
18-12-07 15:26:34 250  RECV:$62,$65,$02,$02,
18-12-07 15:26:34 281  SEND:$10,$01,
18-12-07 15:26:34 281  RECV:$50,$01,$00,$32,$00,$C8,
18-12-07 15:26:34 296  SEND:$10,$03,
18-12-07 15:26:34 328  RECV:$50,$03,$00,$32,$00,$C8,
18-12-07 15:26:34 375  SEND:$27,$01,
18-12-07 15:26:34 375  RECV:$67,$01,$E2,$E9,$A6,$D0,
18-12-07 15:26:34 437  SEND:$27,$02,$F0,$B2,$21,$3F,
18-12-07 15:26:34 453  RECV:$67,$02,
18-12-07 15:26:34 515  SEND:$31,$01,$65,$F5,
18-12-07 15:26:34 515  RECV:$71,$01,$65,$F5,$01,
18-12-07 15:26:34 578  SEND:$31,$03,$65,$F5,
18-12-07 15:26:34 593  RECV:$71,$03,$65,$F5,$04,$00,
18-12-07 15:26:34 640  SEND:$2E,$60,$22,$00,
18-12-07 15:26:34 656  RECV:$7F,$2E,$78,
18-12-07 15:26:34 671  RECV:$6E,$60,$22,
18-12-07 15:26:34 750  SEND:$22,$60,$22,
18-12-07 15:26:34 750  RECV:$62,$60,$22,$00,
18-12-07 15:26:34 812  SEND:$14,$FF,$FF,$FF,
18-12-07 15:26:34 828  RECV:$54,
18-12-07 15:26:50 015  SEND:$0A,$01,$01,$F4,$02,$03,$03,$6E,$00,$04,$83,$E8,$05,$06,$05,$05,$05,$0B,$00,$00,$07,$D2,$0C,$00,$00,$07,$DA,$0D,$00,$7F,$FF,$FF,$0F,$00,$00,$10,$00,$00,
18-12-07 15:26:50 046  RECV:
18-12-07 15:26:50 093  SEND:$3E,$00,
18-12-07 15:26:50 109  RECV:$7E,$00,
18-12-07 15:26:50 156  SEND:$22,$F1,$8A,
18-12-07 15:26:50 203  RECV:$62,$F1,$8A,$35,$37,$31,$30,$36,$36,
18-12-07 15:26:50 218  SEND:$0A,$01,$01,$F4,$02,$03,$03,$6E,$00,$04,$00,$00,$05,$06,$05,$05,$05,$0B,$00,$00,$07,$E0,$0C,$00,$00,$07,$E8,$0D,$00,$7F,$FF,$FF,$0F,$00,$00,$10,$00,$00,
18-12-07 15:26:50 218  REVE:
18-12-07 15:26:50 218  SEND:$10,$03,
18-12-07 15:26:50 234  REVE:$50,$03,$00,$32,$00,$C8,
18-12-07 15:26:50 234  SEND:$3E,$00,
18-12-07 15:26:50 234  REVE:$7E,$00,
18-12-07 15:26:50 296  SEND:$22,$F1,$87,
18-12-07 15:26:50 312  REVE:$62,$F1,$87,$30,$31,$36,$31,$38,$34,$39,$34,$20,$20,
18-12-07 15:26:50 359  SEND:$22,$F1,$8A,
18-12-07 15:26:50 375  REVE:$62,$F1,$8A,$32,$31,$30,$30,$34,$34,
18-12-07 15:26:50 437  SEND:$22,$F1,$93,
18-12-07 15:26:50 453  REVE:$62,$F1,$93,$46,$30,$31,$52,$30,$30,$44,$4B,$56,$32,$20,$20,$20,$20,$20,$20,
18-12-07 15:26:50 515  SEND:$22,$F1,$95,
18-12-07 15:26:50 531  REVE:$62,$F1,$95,$47,$4C,$32,$32,$30,$33,$48,$32,$31,$38,$20,$20,$20,$20,$20,$20,
18-12-07 15:26:50 531  SEND:$27,$01,
18-12-07 15:26:50 546  REVE:$67,$01,$73,$9C,$68,$A7,
18-12-07 15:26:50 546  SEND:$27,$02,$E0,$DA,$B4,$0B,
18-12-07 15:26:50 546  REVE:$67,$02,
18-12-07 15:26:50 562  SEND:$31,$01,$09,$B9,$8C,$06,$B0,$2B,$51,$F8,$F3,$56,$E5,$64,$2E,$18,$12,$4D,$61,$46,
18-12-07 15:26:50 578  REVE:$71,$01,$09,$B9,$04,
18-12-07 15:26:50 578  SEND:$2E,$F1,$90,$4C,$36,$54,$37,$37,$32,$32,$5A,$35,$4A,$4E,$31,$30,$39,$39,$38,$32,
18-12-07 15:26:50 609  REVE:$6E,$F1,$90,
18-12-07 15:26:50 609  SEND:$2E,$02,$05,$8C,$06,$B0,$2B,$51,$F8,$F3,$56,$E5,$64,$2E,$18,$12,$4D,$61,$46,
18-12-07 15:26:50 656  REVE:$6E,$02,$05,
18-12-07 15:26:50 656  SEND:$2E,$02,$03,$8C,$06,$B0,$2B,$51,$F8,$F3,$56,$E5,$64,$2E,$18,$12,$4D,$61,$46,
18-12-07 15:26:50 687  REVE:$6E,$02,$03,
18-12-07 15:26:50 687  SEND:$11,$01,
18-12-07 15:26:50 703  REVE:$51,$01,
18-12-07 15:26:50 718  SEND:$10,$03,
18-12-07 15:26:52 718  SEND:$0A,$01,$01,$F4,$02,$03,$03,$6E,$00,$04,$00,$00,$05,$06,$05,$05,$05,$0B,$00,$00,$07,$E0,$0C,$00,$00,$07,$E8,$0D,$00,$7F,$FF,$FF,$0F,$00,$00,$10,$00,$00,
18-12-07 15:26:52 734  REVE:
18-12-07 15:26:52 734  SEND:$10,$03,
18-12-07 15:26:52 734  REVE:$50,$03,$00,$32,$00,$C8,
18-12-07 15:26:52 750  SEND:$22,$F1,$90,
18-12-07 15:26:52 765  REVE:$62,$F1,$90,$4C,$36,$54,$37,$37,$32,$32,$5A,$35,$4A,$4E,$31,$30,$39,$39,$38,$32,
18-12-07 15:26:52 765  SEND:$14,$FF,$FF,$FF,
18-12-07 15:26:52 765  REVE:$54,
18-12-07 15:27:05 609  The Program is to end   running.
